<?xml version="1.0" encoding="UTF-8"?>
<!-- Generated by org.testng.reporters.JUnitReportReporter -->
<testsuite hostname="LTIN478581" failures="0" tests="1" name="TestCases.TS_01Bikes" time="66.146" errors="0" timestamp="2024-03-31T22:48:29 IST" skipped="0">
  <testcase classname="TestCases.TS_01Bikes" name="bike" time="66.146"/>
</testsuite> <!-- TestCases.TS_01Bikes -->
