<?xml version="1.0" encoding="UTF-8"?>
<!-- Generated by org.testng.reporters.JUnitReportReporter -->
<testsuite hostname="LTIN478581" failures="0" tests="1" name="TestCases.TS_03SignUp" time="3.523" errors="0" timestamp="2024-03-31T22:35:21 IST" skipped="0">
  <testcase classname="TestCases.TS_03SignUp" name="signup" time="3.523"/>
</testsuite> <!-- TestCases.TS_03SignUp -->
