<?xml version="1.0" encoding="UTF-8"?>
<!-- Generated by org.testng.reporters.JUnitReportReporter -->
<testsuite hostname="LTIN478581" failures="0" tests="1" name="TestCases.TS_03SignUp" time="6.177" errors="0" timestamp="2024-04-01T10:27:23 IST" skipped="0">
  <testcase classname="TestCases.TS_03SignUp" name="signup" time="6.177"/>
</testsuite> <!-- TestCases.TS_03SignUp -->
